tide-spacex-ui/build/intermediates/manifest_merge_blame_file/debug/manifest-merger-blame-debug-report.txt
1<?xml version="1.0" encoding="utf-8"?>
2<manifest xmlns:android="http://schemas.android.com/apk/res/android"
3    package="com.tide.spacex.ui" >
4
5    <uses-sdk
6        android:minSdkVersion="24"
6-->src/main/AndroidManifest.xml
7        android:targetSdkVersion="30" />
7-->src/main/AndroidManifest.xml
8
9    <application>
9-->src/main/AndroidManifest.xml:5:5-18:19
10        <activity
10-->src/main/AndroidManifest.xml:6:9-17:20
11            android:name="com.tide.spacex.ui.MainActivity"
11-->src/main/AndroidManifest.xml:7:13-41
12            android:label="@string/app_name"
12-->src/main/AndroidManifest.xml:8:13-45
13            android:screenOrientation="portrait"
13-->src/main/AndroidManifest.xml:9:13-49
14            android:theme="@style/Theme.Tideandroidspacex"
14-->src/main/AndroidManifest.xml:10:13-59
15            android:windowSoftInputMode="stateHidden" >
15-->src/main/AndroidManifest.xml:11:13-54
16            <intent-filter>
16-->src/main/AndroidManifest.xml:13:13-15:29
17                <category android:name="android.intent.category.DEFAULT" />
17-->src/main/AndroidManifest.xml:14:17-76
17-->src/main/AndroidManifest.xml:14:27-73
18            </intent-filter>
19        </activity>
20    </application>
21
22</manifest>